<?xml version="1.0" encoding="UTF-8"?>
<testng-results ignored="0" total="1" passed="1" failed="0" skipped="0">
  <reporter-output>
  </reporter-output>
  <suite started-at="2023-11-14T16:38:38 IST" name="Default suite" finished-at="2023-11-14T16:38:43 IST" duration-ms="4525">
    <groups>
    </groups>
    <test started-at="2023-11-14T16:38:38 IST" name="Default test" finished-at="2023-11-14T16:38:43 IST" duration-ms="4525">
      <class name="Demoforgithub.TestClass">
        <test-method signature="verifyTitle()[pri:0, instance:Demoforgithub.TestClass@6c779568]" started-at="2023-11-14T16:38:38 IST" name="verifyTitle" finished-at="2023-11-14T16:38:43 IST" duration-ms="4496" status="PASS">
          <reporter-output>
          </reporter-output>
        </test-method> <!-- verifyTitle -->
      </class> <!-- Demoforgithub.TestClass -->
    </test> <!-- Default test -->
  </suite> <!-- Default suite -->
</testng-results>
